* 1f39342 agregando dos parrafos
*   8b921a5 Resolviendo conflicto en estaciones del año y fechs de inicio
|\  
| * a85c5d5 agregando las estaciones del año
* | af29604 agregando actualizaciones del año con fechas de inicio
|/  
*   23184f2 resolviendo conflicto merge main html en el documento index.html
|\  
| * 483363a Agregando index.js al index.html
* | 19b42f5 Agregando style .css al index. html
* | 1e4c0ac Descripción de los cambios en style.css
* |   6fbc251 Finalización del merge y resolución de conflictos
|\ \  
| * | 0394fff Creando index.js
* | | 74cf82a creando style .css
| |/  
|/|   
* | f332c4a creando index.html
|/  
* 434a0a5 si funciona
* 7249378 a ver si funciona lo que hicimos
* d0bc0fa ignorando archivos .exe
*   ad248ba Merge branch 'main' of https://github.com/gastong08/youtube-git
|\  
| * ae3be79 Update README.md
* | 01813ba entendiendo el flujo
|/  
* 03af568 entendiendo el
* 58976dd Creando Licencia del repositorio
* 72a247b Inicio
* 0fabd57 agregando mas contenido al readme.md
* d1c977e Agregando más contenido al README
* 4eb5ffc agregando contenido inicial al README
* 9f0df8c Primer commit
